<?xml version="1.0" encoding="UTF-8"?>
<testng-results ignored="0" total="1" passed="1" failed="0" skipped="0">
  <reporter-output>
  </reporter-output>
  <suite started-at="2023-10-06T16:24:24 IST" name="MCREM Automation" finished-at="2023-10-06T16:24:44 IST" duration-ms="20046">
    <groups>
      <group name="cucumber">
        <method signature="AbstractTestNGCucumberTests.runScenario(io.cucumber.testng.PickleWrapper, io.cucumber.testng.FeatureWrapper)[pri:0, instance:com.test.minivet.RunCucumberTest@7586beff]" name="runScenario" class="io.cucumber.testng.AbstractTestNGCucumberTests"/>
        <method signature="AbstractTestNGCucumberTests.runScenario(io.cucumber.testng.PickleWrapper, io.cucumber.testng.FeatureWrapper)[pri:0, instance:com.test.minivet.ReRunCucumberTest@198b6731]" name="runScenario" class="io.cucumber.testng.AbstractTestNGCucumberTests"/>
      </group> <!-- cucumber -->
    </groups>
    <test started-at="2023-10-06T16:24:24 IST" name="E2E-TestRun" finished-at="2023-10-06T16:24:44 IST" duration-ms="19407">
      <class name="com.test.minivet.RunCucumberTest">
        <test-method is-config="true" signature="setUpClass()[pri:0, instance:com.test.minivet.RunCucumberTest@7586beff]" started-at="2023-10-06T16:24:24 IST" name="setUpClass" finished-at="2023-10-06T16:24:25 IST" duration-ms="589" status="PASS">
          <reporter-output>
          </reporter-output>
        </test-method> <!-- setUpClass -->
        <test-method signature="runScenario(io.cucumber.testng.PickleWrapper, io.cucumber.testng.FeatureWrapper)[pri:0, instance:com.test.minivet.RunCucumberTest@7586beff]" started-at="2023-10-06T16:24:25 IST" name="runScenario" description="Runs Cucumber Scenarios" data-provider="scenarios" finished-at="2023-10-06T16:24:42 IST" duration-ms="16759" status="PASS">
          <params>
            <param index="0">
              <value>
                <![CDATA["Display MRCEM OSCE screen"]]>
              </value>
            </param>
            <param index="1">
              <value>
                <![CDATA["Optional[About the exam]"]]>
              </value>
            </param>
          </params>
          <reporter-output>
          </reporter-output>
        </test-method> <!-- runScenario -->
        <test-method is-config="true" signature="tearDownClass()[pri:0, instance:com.test.minivet.RunCucumberTest@7586beff]" started-at="2023-10-06T16:24:42 IST" name="tearDownClass" finished-at="2023-10-06T16:24:44 IST" duration-ms="2007" status="PASS">
          <reporter-output>
          </reporter-output>
        </test-method> <!-- tearDownClass -->
      </class> <!-- com.test.minivet.RunCucumberTest -->
    </test> <!-- E2E-TestRun -->
    <test started-at="2023-10-06T16:24:44 IST" name="E2E-ReRun" finished-at="2023-10-06T16:24:44 IST" duration-ms="631">
      <class name="com.test.minivet.ReRunCucumberTest">
        <test-method is-config="true" signature="setUpClass()[pri:0, instance:com.test.minivet.ReRunCucumberTest@198b6731]" started-at="2023-10-06T16:24:44 IST" name="setUpClass" finished-at="2023-10-06T16:24:44 IST" duration-ms="8" status="PASS">
          <reporter-output>
          </reporter-output>
        </test-method> <!-- setUpClass -->
        <test-method is-config="true" signature="tearDownClass()[pri:0, instance:com.test.minivet.ReRunCucumberTest@198b6731]" started-at="2023-10-06T16:24:44 IST" name="tearDownClass" finished-at="2023-10-06T16:24:44 IST" duration-ms="621" status="PASS">
          <reporter-output>
          </reporter-output>
        </test-method> <!-- tearDownClass -->
      </class> <!-- com.test.minivet.ReRunCucumberTest -->
    </test> <!-- E2E-ReRun -->
  </suite> <!-- MCREM Automation -->
</testng-results>
